{
  "RSpec": {
    "coverage": {
      "/Users/chi/Projects/rails-eve-base/lib/generators/rails_eve/install/install_generator.rb": [
        0,
        0,
        0,
        null,
        0,
        0,
        0,
        0,
        0,
        null,
        0,
        null,
        0,
        0,
        0,
        0,
        0,
        0,
        0,
        0,
        0,
        0,
        0,
        0,
        0,
        0,
        0,
        0
      ],
      "/Users/chi/Projects/rails-eve-base/lib/generators/rails_eve/install/templates/alliance.rb": [
        null,
        null,
        0,
        0,
        0,
        0,
        0,
        0,
        0,
        null,
        0,
        0,
        0,
        0,
        0,
        0,
        null,
        0,
        0,
        0,
        0,
        0
      ],
      "/Users/chi/Projects/rails-eve-base/lib/generators/rails_eve/install/templates/omniauth_callbacks_controller.rb": [
        null,
        null,
        0,
        0,
        0,
        null,
        0,
        0,
        0,
        0,
        0,
        0,
        0,
        0,
        0,
        0
      ],
      "/Users/chi/Projects/rails-eve-base/lib/generators/rails_eve/install/templates/character.rb": [
        null,
        null,
        0,
        0,
        0,
        0,
        0,
        0,
        0,
        0,
        0,
        0,
        0,
        null,
        0,
        null,
        0,
        0,
        0,
        null,
        0,
        0,
        0,
        0
      ],
      "/Users/chi/Projects/rails-eve-base/lib/generators/rails_eve/install/templates/devise.rb": [
        null,
        null,
        0,
        0,
        0,
        0,
        0,
        0,
        0,
        0,
        0,
        0,
        0,
        0,
        0,
        0,
        0,
        0
      ],
      "/Users/chi/Projects/rails-eve-base/lib/generators/rails_eve/install/templates/mongoid_setup.rb": [
        null,
        null,
        0,
        0,
        0,
        0,
        0,
        0
      ],
      "/Users/chi/Projects/rails-eve-base/lib/generators/rails_eve/install/templates/omniauth.rb": [
        null,
        null,
        0,
        0,
        0,
        0,
        0,
        null,
        0,
        0,
        0,
        0,
        0,
        0
      ],
      "/Users/chi/Projects/rails-eve-base/lib/generators/rails_eve/install/templates/corporation.rb": [
        null,
        null,
        0,
        0,
        0,
        0,
        0,
        0,
        0,
        0,
        0,
        null,
        0,
        0,
        0,
        0,
        0,
        0,
        null,
        0,
        0,
        0,
        0,
        null,
        0,
        0,
        0,
        0,
        0
      ],
      "/Users/chi/Projects/rails-eve-base/lib/generators/rails_eve/install/templates/esi_character_api.rb": [
        null,
        null,
        0,
        0,
        null,
        0,
        0,
        0,
        0,
        0,
        0,
        null,
        0,
        0,
        0,
        0,
        0,
        0,
        0,
        null,
        0,
        0,
        0,
        0,
        null,
        0,
        0,
        0,
        null,
        0,
        0,
        0,
        null,
        0,
        0,
        0,
        0,
        null,
        0,
        0,
        0,
        0,
        0,
        0,
        0,
        null,
        0,
        0,
        0,
        0,
        0,
        null,
        0,
        0,
        0,
        0
      ],
      "/Users/chi/Projects/rails-eve-base/lib/generators/rails_eve/install/templates/user.rb": [
        null,
        null,
        0,
        0,
        0,
        0,
        0,
        null,
        0,
        0,
        0,
        0,
        0,
        0,
        0,
        0,
        0,
        0,
        0,
        0,
        0,
        0,
        0,
        0,
        null,
        0,
        null,
        0,
        null,
        0,
        0,
        0,
        0,
        0,
        0,
        null,
        0,
        0,
        0,
        0,
        0,
        0,
        null,
        0,
        0,
        0,
        0,
        0,
        0,
        0,
        null,
        0,
        0,
        0,
        null,
        0,
        0,
        0,
        0,
        0,
        0,
        0,
        0
      ],
      "/Users/chi/Projects/rails-eve-base/lib/rails/eve/base.rb": [
        0,
        null,
        0,
        0,
        0,
        null,
        0,
        0,
        0
      ],
      "/Users/chi/Projects/rails-eve-base/lib/rails/eve/base/railtie.rb": [
        0,
        0,
        0,
        0,
        0,
        0,
        0,
        0
      ],
      "/Users/chi/Projects/rails-eve-base/lib/rails/eve/base/version.rb": [
        0,
        0,
        0,
        0,
        0,
        0,
        0
      ]
    },
    "timestamp": 1558815794
  }
}
